INFO:  latexindent version 3.9.2, 2021-04-06, a script to indent .tex files
       latexindent lives here: /usr/share/texlive/texmf-dist/scripts/latexindent/
       Sat May 28 15:39:08 2022
       Filename: /home/mlrosenquist/repos/au-mlr-research-and-development-dedup/report/contents/__latexindent_temp.tex
INFO:  Processing switches:
       -y|--yaml: YAML settings specified via command line
       -c|--cruft: cruft directory
INFO:  Directory for backup files and /home/mlrosenquist/repos/au-mlr-research-and-development-dedup/report//indent.log: /home/mlrosenquist/repos/au-mlr-research-and-development-dedup/report/
INFO:  YAML settings read: defaultSettings.yaml
        Reading defaultSettings.yaml from /usr/share/texlive/texmf-dist/scripts/latexindent/defaultSettings.yaml
INFO:  YAML settings read: indentconfig.yaml or .indentconfig.yaml
       Home directory is /home/mlrosenquist (didn't find either indentconfig.yaml or .indentconfig.yaml)
       To specify user settings you would put indentconfig.yaml here: /home/mlrosenquist/indentconfig.yaml
       Alternatively, you can use the hidden file .indentconfig.yaml as: /home/mlrosenquist/.indentconfig.yaml
INFO:  YAML settings read: -y switch
       YAML setting: defaultIndent:'  '
       Updating masterSettings with defaultIndent:   
INFO:  Phase 1: searching for objects
INFO:  Phase 2: finding surrounding indentation
INFO:  Phase 3: indenting objects
INFO:  Phase 4: final indentation check
INFO:  Output routine:
       Not outputting to file; see -w and -o switches for more options.
       --------------
INFO:  Please direct all communication/issues to:
        https://github.com/cmhughes/latexindent.pl
